<?xml version="1.0" encoding="UTF-8"?>
<!-- Generated by org.testng.reporters.JUnitXMLReporter -->
<testsuite ignored="0" hostname="LAPTOP-61BL446C" failures="0" tests="17" name="test1" time="115.745" errors="0" timestamp="2025-08-19T15:55:51 IST">
  <testcase classname="parallel_Testing.Parallel_Testing" name="goToElectronics" time="3.571"/>
  <testcase classname="parallel_Testing.Parallel_Testing" name="loginUser" time="9.035"/>
  <testcase classname="parallel_Testing.Parallel_Testing" name="loginUser" time="11.521"/>
  <testcase classname="parallel_Testing.Parallel_Testing" name="loginUser" time="9.739"/>
  <testcase classname="parallel_Testing.Parallel_Testing" name="loginUser" time="11.707"/>
  <testcase classname="parallel_Testing.Parallel_Testing" name="loginUser" time="10.829"/>
  <testcase classname="parallel_Testing.Parallel_Testing" name="loginUser" time="12.005"/>
  <testcase classname="parallel_Testing.Parallel_Testing" name="loginUser" time="7.526"/>
  <testcase classname="parallel_Testing.Parallel_Testing" name="loginUser" time="29.939"/>
  <testcase classname="parallel_Testing.Parallel_Testing" name="loginUser" time="8.503"/>
  <testcase classname="parallel_Testing.Parallel_Testing" name="loginUser" time="5.936"/>
  <testcase classname="parallel_Testing.Parallel_Testing" name="loginUser" time="32.072"/>
  <testcase classname="parallel_Testing.Parallel_Testing" name="loginUser" time="37.418"/>
  <testcase classname="parallel_Testing.Parallel_Testing" name="loginUser" time="5.673"/>
  <testcase classname="parallel_Testing.Parallel_Testing" name="loginUser" time="46.859"/>
  <testcase classname="parallel_Testing.Parallel_Testing" name="loginUser" time="45.564"/>
  <testcase classname="parallel_Testing.Parallel_Testing" name="loginUser" time="12.488"/>
</testsuite> <!-- test1 -->
