<?xml version="1.0" encoding="UTF-8"?>
<!-- Generated by org.testng.reporters.JUnitXMLReporter -->
<testsuite ignored="1" hostname="LAPTOP-61BL446C" failures="0" tests="4" name="Test" time="15.233" errors="0" timestamp="2025-08-18T15:26:50 IST">
  <testcase classname="DemoWebShop1.DemoWebShop_Testing" name="loginUser" time="2.155"/>
  <testcase classname="DemoWebShop1.DemoWebShop_Testing" name="goToElectronics" time="0.989"/>
  <testcase classname="DemoWebShop1.DemoWebShop_Testing" name="goToCellPhones" time="0.821"/>
  <testcase classname="DemoWebShop1.DemoWebShop_Testing" name="selectingItem" time="2.419"/>
  <testcase classname="DemoWebShop1.DemoWebShop_Testing" name="ToCart" time="0.0">
    <ignored/>
  </testcase> <!-- ToCart -->
</testsuite> <!-- Test -->
