<?xml version="1.0" encoding="UTF-8"?>
<testng-results ignored="0" total="7" passed="7" failed="0" skipped="0">
  <reporter-output>
  </reporter-output>
  <suite started-at="2025-09-08T12:39:36 IST" name="Suite" finished-at="2025-09-08T12:40:32 IST" duration-ms="56305">
    <groups>
    </groups>
    <test started-at="2025-09-08T12:39:36 IST" name="Test" finished-at="2025-09-08T12:40:32 IST" duration-ms="56305">
      <class name="testCases.AllTestCase">
        <test-method is-config="true" signature="setUp()[pri:0, instance:testCases.AllTestCase@77c2494c]" started-at="2025-09-08T12:39:36 IST" name="setUp" finished-at="2025-09-08T12:39:41 IST" duration-ms="5275" status="PASS">
          <reporter-output>
          </reporter-output>
        </test-method> <!-- setUp -->
        <test-method signature="registerTestCase()[pri:1, instance:testCases.AllTestCase@77c2494c]" started-at="2025-09-08T12:39:41 IST" name="registerTestCase" finished-at="2025-09-08T12:39:55 IST" duration-ms="14266" status="PASS">
          <reporter-output>
          </reporter-output>
        </test-method> <!-- registerTestCase -->
        <test-method signature="loginTestCase()[pri:2, instance:testCases.AllTestCase@77c2494c]" started-at="2025-09-08T12:39:55 IST" name="loginTestCase" finished-at="2025-09-08T12:40:06 IST" duration-ms="10729" status="PASS">
          <reporter-output>
          </reporter-output>
        </test-method> <!-- loginTestCase -->
        <test-method signature="verifysubModulesTestCase()[pri:3, instance:testCases.AllTestCase@77c2494c]" started-at="2025-09-08T12:40:06 IST" name="verifysubModulesTestCase" finished-at="2025-09-08T12:40:10 IST" duration-ms="3748" status="PASS">
          <reporter-output>
          </reporter-output>
        </test-method> <!-- verifysubModulesTestCase -->
        <test-method signature="verifyHoverOnComputersSubListElements()[pri:4, instance:testCases.AllTestCase@77c2494c]" started-at="2025-09-08T12:40:10 IST" name="verifyHoverOnComputersSubListElements" finished-at="2025-09-08T12:40:17 IST" duration-ms="7019" status="PASS">
          <reporter-output>
          </reporter-output>
        </test-method> <!-- verifyHoverOnComputersSubListElements -->
        <test-method signature="verifyDesktopAddToCartTestCase()[pri:5, instance:testCases.AllTestCase@77c2494c]" started-at="2025-09-08T12:40:17 IST" name="verifyDesktopAddToCartTestCase" finished-at="2025-09-08T12:40:20 IST" duration-ms="3419" status="PASS">
          <reporter-output>
          </reporter-output>
        </test-method> <!-- verifyDesktopAddToCartTestCase -->
        <test-method signature="verifyShOppingCartTestCase()[pri:6, instance:testCases.AllTestCase@77c2494c]" started-at="2025-09-08T12:40:20 IST" name="verifyShOppingCartTestCase" finished-at="2025-09-08T12:40:24 IST" duration-ms="3873" status="PASS">
          <reporter-output>
          </reporter-output>
        </test-method> <!-- verifyShOppingCartTestCase -->
        <test-method signature="verifyCheckoutProcessTestCase()[pri:7, instance:testCases.AllTestCase@77c2494c]" started-at="2025-09-08T12:40:24 IST" name="verifyCheckoutProcessTestCase" finished-at="2025-09-08T12:40:32 IST" duration-ms="7603" status="PASS">
          <reporter-output>
          </reporter-output>
        </test-method> <!-- verifyCheckoutProcessTestCase -->
      </class> <!-- testCases.AllTestCase -->
    </test> <!-- Test -->
  </suite> <!-- Suite -->
</testng-results>
