<?xml version="1.0" encoding="UTF-8"?>
<!-- Generated by org.testng.reporters.JUnitXMLReporter -->
<testsuite ignored="0" hostname="LAPTOP-61BL446C" failures="0" tests="5" name="test1" time="21.946" errors="0" timestamp="2025-08-18T22:32:04 IST">
  <testcase classname="parallel_Testing.Parallel_Testing" name="loginUser" time="2.726"/>
  <testcase classname="parallel_Testing.Parallel_Testing" name="goToElectronics" time="1.073"/>
  <testcase classname="parallel_Testing.Parallel_Testing" name="goToCellPhones" time="0.886"/>
  <testcase classname="parallel_Testing.Parallel_Testing" name="selectingItem" time="2.247"/>
  <testcase classname="parallel_Testing.Parallel_Testing" name="addToCart" time="0.186"/>
</testsuite> <!-- test1 -->
