<?xml version="1.0" encoding="UTF-8"?>
<!-- Generated by org.testng.reporters.JUnitXMLReporter -->
<testsuite ignored="0" hostname="LAPTOP-61BL446C" failures="0" tests="4" name="Default test" time="34.218" errors="0" timestamp="2025-08-22T22:11:30 IST">
  <testcase classname="DataProvider_Concept.DataProvider_Simple" name="loginTest" time="1.073"/>
  <testcase classname="DataProvider_Concept.DataProvider_Simple" name="loginTest" time="1.024"/>
  <testcase classname="DataProvider_Concept.DataProvider_Simple" name="loginTest" time="1.035"/>
  <testcase classname="DataProvider_Concept.DataProvider_Simple" name="loginTest" time="1.03"/>
</testsuite> <!-- Default test -->
