<?xml version="1.0" encoding="UTF-8"?>
<testng-results ignored="0" total="1" passed="1" failed="0" skipped="0">
  <reporter-output>
  </reporter-output>
  <suite started-at="2025-08-23T18:01:45 IST" name="Default suite" finished-at="2025-08-23T18:02:00 IST" duration-ms="14513">
    <groups>
    </groups>
    <test started-at="2025-08-23T18:01:45 IST" name="Default test" finished-at="2025-08-23T18:02:00 IST" duration-ms="14513">
      <class name="testclasses.AllProductsTests">
        <test-method is-config="true" signature="setUp()[pri:0, instance:testclasses.AllProductsTests@6743e411]" started-at="2025-08-23T18:01:45 IST" name="setUp" finished-at="2025-08-23T18:01:56 IST" duration-ms="10729" status="PASS">
          <reporter-output>
          </reporter-output>
        </test-method> <!-- setUp -->
        <test-method signature="verifySearchProduct()[pri:0, instance:testclasses.AllProductsTests@6743e411]" started-at="2025-08-23T18:01:56 IST" name="verifySearchProduct" finished-at="2025-08-23T18:02:00 IST" duration-ms="3707" status="PASS">
          <reporter-output>
          </reporter-output>
        </test-method> <!-- verifySearchProduct -->
        <test-method is-config="true" signature="tearDown()[pri:0, instance:testclasses.AllProductsTests@6743e411]" started-at="2025-08-23T18:02:00 IST" name="tearDown" finished-at="2025-08-23T18:02:00 IST" duration-ms="2" status="PASS">
          <reporter-output>
          </reporter-output>
        </test-method> <!-- tearDown -->
      </class> <!-- testclasses.AllProductsTests -->
    </test> <!-- Default test -->
  </suite> <!-- Default suite -->
</testng-results>
