<?xml version="1.0" encoding="UTF-8"?>
<testng-results ignored="0" total="9" passed="9" failed="0" skipped="0">
  <reporter-output>
  </reporter-output>
  <suite started-at="2025-08-19T17:49:54 IST" name="Default suite" finished-at="2025-08-19T17:50:13 IST" duration-ms="18845">
    <groups>
    </groups>
    <test started-at="2025-08-19T17:49:54 IST" name="Default test" finished-at="2025-08-19T17:50:13 IST" duration-ms="18845">
      <class name="demoQA.DemoQA">
        <test-method is-config="true" signature="setUp()[pri:0, instance:demoQA.DemoQA@1a677343]" started-at="2025-08-19T17:49:54 IST" name="setUp" finished-at="2025-08-19T17:50:06 IST" duration-ms="11587" status="PASS">
          <reporter-output>
          </reporter-output>
        </test-method> <!-- setUp -->
        <test-method signature="formTestingName()[pri:1, instance:demoQA.DemoQA@1a677343]" started-at="2025-08-19T17:50:06 IST" name="formTestingName" finished-at="2025-08-19T17:50:09 IST" duration-ms="2801" status="PASS">
          <reporter-output>
          </reporter-output>
        </test-method> <!-- formTestingName -->
        <test-method signature="formTestingEmail()[pri:2, instance:demoQA.DemoQA@1a677343]" started-at="2025-08-19T17:50:09 IST" name="formTestingEmail" finished-at="2025-08-19T17:50:10 IST" duration-ms="768" status="PASS">
          <reporter-output>
          </reporter-output>
        </test-method> <!-- formTestingEmail -->
        <test-method signature="formTestingGender()[pri:3, instance:demoQA.DemoQA@1a677343]" started-at="2025-08-19T17:50:10 IST" name="formTestingGender" finished-at="2025-08-19T17:50:10 IST" duration-ms="321" status="PASS">
          <reporter-output>
          </reporter-output>
        </test-method> <!-- formTestingGender -->
        <test-method signature="formTestingNumber()[pri:4, instance:demoQA.DemoQA@1a677343]" started-at="2025-08-19T17:50:10 IST" name="formTestingNumber" finished-at="2025-08-19T17:50:10 IST" duration-ms="278" status="PASS">
          <reporter-output>
          </reporter-output>
        </test-method> <!-- formTestingNumber -->
        <test-method signature="formTestingDOB()[pri:5, instance:demoQA.DemoQA@1a677343]" started-at="2025-08-19T17:50:10 IST" name="formTestingDOB" finished-at="2025-08-19T17:50:12 IST" duration-ms="1285" status="PASS">
          <reporter-output>
          </reporter-output>
        </test-method> <!-- formTestingDOB -->
        <test-method signature="formTestingSubjects()[pri:6, instance:demoQA.DemoQA@1a677343]" started-at="2025-08-19T17:50:12 IST" name="formTestingSubjects" finished-at="2025-08-19T17:50:12 IST" duration-ms="643" status="PASS">
          <reporter-output>
          </reporter-output>
        </test-method> <!-- formTestingSubjects -->
        <test-method signature="formTestingCheckBox()[pri:7, instance:demoQA.DemoQA@1a677343]" started-at="2025-08-19T17:50:12 IST" name="formTestingCheckBox" finished-at="2025-08-19T17:50:13 IST" duration-ms="380" status="PASS">
          <reporter-output>
          </reporter-output>
        </test-method> <!-- formTestingCheckBox -->
        <test-method signature="formTestingUploadPicture()[pri:8, instance:demoQA.DemoQA@1a677343]" started-at="2025-08-19T17:50:13 IST" name="formTestingUploadPicture" finished-at="2025-08-19T17:50:13 IST" duration-ms="135" status="PASS">
          <reporter-output>
          </reporter-output>
        </test-method> <!-- formTestingUploadPicture -->
        <test-method signature="formTestingAddress()[pri:9, instance:demoQA.DemoQA@1a677343]" started-at="2025-08-19T17:50:13 IST" name="formTestingAddress" finished-at="2025-08-19T17:50:13 IST" duration-ms="333" status="PASS">
          <reporter-output>
          </reporter-output>
        </test-method> <!-- formTestingAddress -->
      </class> <!-- demoQA.DemoQA -->
    </test> <!-- Default test -->
  </suite> <!-- Default suite -->
</testng-results>
